c:\users\userk\desktop\graduation_work\voodoodoll\voodoo_doll\x64\release\vc143.pdb
c:\users\userk\desktop\graduation_work\voodoodoll\voodoo_doll\x64\release\wictextureloader12.obj
c:\users\userk\desktop\graduation_work\voodoodoll\voodoo_doll\x64\release\voodoo_doll.obj
c:\users\userk\desktop\graduation_work\voodoodoll\voodoo_doll\x64\release\timer.obj
c:\users\userk\desktop\graduation_work\voodoodoll\voodoo_doll\x64\release\stdafx.obj
c:\users\userk\desktop\graduation_work\voodoodoll\voodoo_doll\x64\release\stage.obj
c:\users\userk\desktop\graduation_work\voodoodoll\voodoo_doll\x64\release\shader.obj
c:\users\userk\desktop\graduation_work\voodoodoll\voodoo_doll\x64\release\player.obj
c:\users\userk\desktop\graduation_work\voodoodoll\voodoo_doll\x64\release\object.obj
c:\users\userk\desktop\graduation_work\voodoodoll\voodoo_doll\x64\release\monster.obj
c:\users\userk\desktop\graduation_work\voodoodoll\voodoo_doll\x64\release\mesh.obj
c:\users\userk\desktop\graduation_work\voodoodoll\voodoo_doll\x64\release\login.obj
c:\users\userk\desktop\graduation_work\voodoodoll\voodoo_doll\x64\release\gameframework.obj
c:\users\userk\desktop\graduation_work\voodoodoll\voodoo_doll\x64\release\ddstextureloader12.obj
c:\users\userk\desktop\graduation_work\voodoodoll\voodoo_doll\x64\release\camera.obj
c:\users\userk\desktop\graduation_work\voodoodoll\x64\release\voodoo_doll.exe
c:\users\userk\desktop\graduation_work\voodoodoll\voodoo_doll\x64\release\voodoo_doll.ipdb
c:\users\userk\desktop\graduation_work\voodoodoll\x64\release\voodoo_doll.pdb
c:\users\userk\desktop\graduation_work\voodoodoll\voodoo_doll\x64\release\voodoo_doll.iobj
c:\users\userk\desktop\graduation_work\voodoodoll\voodoo_doll\x64\release\voodoo_doll.res
c:\users\userk\desktop\graduation_work\voodoodoll\voodoo_doll\x64\release\voodoo_doll.tlog\cl.command.1.tlog
c:\users\userk\desktop\graduation_work\voodoodoll\voodoo_doll\x64\release\voodoo_doll.tlog\cl.read.1.tlog
c:\users\userk\desktop\graduation_work\voodoodoll\voodoo_doll\x64\release\voodoo_doll.tlog\cl.write.1.tlog
c:\users\userk\desktop\graduation_work\voodoodoll\voodoo_doll\x64\release\voodoo_doll.tlog\link.command.1.tlog
c:\users\userk\desktop\graduation_work\voodoodoll\voodoo_doll\x64\release\voodoo_doll.tlog\link.read.1.tlog
c:\users\userk\desktop\graduation_work\voodoodoll\voodoo_doll\x64\release\voodoo_doll.tlog\link.write.1.tlog
c:\users\userk\desktop\graduation_work\voodoodoll\voodoo_doll\x64\release\voodoo_doll.tlog\rc.command.1.tlog
c:\users\userk\desktop\graduation_work\voodoodoll\voodoo_doll\x64\release\voodoo_doll.tlog\rc.read.1.tlog
c:\users\userk\desktop\graduation_work\voodoodoll\voodoo_doll\x64\release\voodoo_doll.tlog\rc.write.1.tlog
