  stdafx.cpp
  Camera.cpp
  DDSTextureLoader12.cpp
  GameFramework.cpp
C:\Users\user\Desktop\Graduation_Work\VOODOODOLL\VooDoo_Doll\GameFramework.cpp(1516,31): warning C4267: '초기화 중': 'size_t'에서 'int'(으)로 변환하면서 데이터가 손실될 수 있습니다.
  Login.cpp
  Mesh.cpp
  Monster.cpp
  Object.cpp
C:\Users\user\Desktop\Graduation_Work\VOODOODOLL\VooDoo_Doll\Object.cpp(2346,31): warning C4267: '초기화 중': 'size_t'에서 'int'(으)로 변환하면서 데이터가 손실될 수 있습니다.
  Player.cpp
  Shader.cpp
C:\Users\user\Desktop\Graduation_Work\VOODOODOLL\VooDoo_Doll\Shader.cpp(1,1): warning C4819: 현재 코드 페이지(949)에서 표시할 수 없는 문자가 파일에 들어 있습니다. 데이터가 손실되지 않게 하려면 해당 파일을 유니코드 형식으로 저장하십시오.
C:\Users\user\Desktop\Graduation_Work\VOODOODOLL\VooDoo_Doll\Shader.cpp(762,1): warning C4819: 현재 코드 페이지(949)에서 표시할 수 없는 문자가 파일에 들어 있습니다. 데이터가 손실되지 않게 하려면 해당 파일을 유니코드 형식으로 저장하십시오.
C:\Users\user\Desktop\Graduation_Work\VOODOODOLL\VooDoo_Doll\Shader.cpp(1443,45): warning C4838: 'float'에서 'LONG'(으)로의 변환에는 축소 변환이 필요합니다.
C:\Users\user\Desktop\Graduation_Work\VOODOODOLL\VooDoo_Doll\Shader.cpp(1443,45): warning C4244: '초기화 중': 'float'에서 'LONG'(으)로 변환하면서 데이터가 손실될 수 있습니다.
C:\Users\user\Desktop\Graduation_Work\VOODOODOLL\VooDoo_Doll\Shader.cpp(1443,74): warning C4838: 'float'에서 'LONG'(으)로의 변환에는 축소 변환이 필요합니다.
C:\Users\user\Desktop\Graduation_Work\VOODOODOLL\VooDoo_Doll\Shader.cpp(1443,74): warning C4244: '초기화 중': 'float'에서 'LONG'(으)로 변환하면서 데이터가 손실될 수 있습니다.
  Stage.cpp
C:\Users\user\Desktop\Graduation_Work\VOODOODOLL\VooDoo_Doll\Stage.cpp(1,1): warning C4819: 현재 코드 페이지(949)에서 표시할 수 없는 문자가 파일에 들어 있습니다. 데이터가 손실되지 않게 하려면 해당 파일을 유니코드 형식으로 저장하십시오.
C:\Users\user\Desktop\Graduation_Work\VOODOODOLL\VooDoo_Doll\Stage.cpp(643,1): warning C4819: 현재 코드 페이지(949)에서 표시할 수 없는 문자가 파일에 들어 있습니다. 데이터가 손실되지 않게 하려면 해당 파일을 유니코드 형식으로 저장하십시오.
C:\Users\user\Desktop\Graduation_Work\VOODOODOLL\VooDoo_Doll\Stage.cpp(1321,1): warning C4819: 현재 코드 페이지(949)에서 표시할 수 없는 문자가 파일에 들어 있습니다. 데이터가 손실되지 않게 하려면 해당 파일을 유니코드 형식으로 저장하십시오.
  Timer.cpp
  VooDoo_Doll.cpp
  WICTextureLoader12.cpp
  코드를 생성하고 있습니다...
  VooDoo_Doll.vcxproj -> C:\Users\user\Desktop\Graduation_Work\VOODOODOLL\x64\Debug\VooDoo_Doll.exe
