c:\users\user\desktop\graduation_work\voodoodoll\voodoo_doll\x64\debug\vc143.pdb
c:\users\user\desktop\graduation_work\voodoodoll\voodoo_doll\x64\debug\vc143.idb
c:\users\user\desktop\graduation_work\voodoodoll\voodoo_doll\x64\debug\stage.obj
c:\users\user\desktop\graduation_work\voodoodoll\voodoo_doll\x64\debug\shader.obj
c:\users\user\desktop\graduation_work\voodoodoll\voodoo_doll\x64\debug\gameframework.obj
c:\users\user\desktop\graduation_work\voodoodoll\voodoo_doll\x64\debug\voodoo_doll.pch
c:\users\user\desktop\graduation_work\voodoodoll\voodoo_doll\x64\debug\stdafx.obj
c:\users\user\desktop\graduation_work\voodoodoll\voodoo_doll\x64\debug\wictextureloader12.obj
c:\users\user\desktop\graduation_work\voodoodoll\voodoo_doll\x64\debug\voodoo_doll.obj
c:\users\user\desktop\graduation_work\voodoodoll\voodoo_doll\x64\debug\timer.obj
c:\users\user\desktop\graduation_work\voodoodoll\voodoo_doll\x64\debug\player.obj
c:\users\user\desktop\graduation_work\voodoodoll\voodoo_doll\x64\debug\object.obj
c:\users\user\desktop\graduation_work\voodoodoll\voodoo_doll\x64\debug\monster.obj
c:\users\user\desktop\graduation_work\voodoodoll\voodoo_doll\x64\debug\mesh.obj
c:\users\user\desktop\graduation_work\voodoodoll\voodoo_doll\x64\debug\login.obj
c:\users\user\desktop\graduation_work\voodoodoll\voodoo_doll\x64\debug\ddstextureloader12.obj
c:\users\user\desktop\graduation_work\voodoodoll\voodoo_doll\x64\debug\camera.obj
c:\users\user\desktop\graduation_work\voodoodoll\x64\debug\shaders.cso
c:\users\user\desktop\graduation_work\voodoodoll\x64\debug\voodoo_doll.exe
c:\users\user\desktop\graduation_work\voodoodoll\voodoo_doll\x64\debug\voodoo_doll.ilk
c:\users\user\desktop\graduation_work\voodoodoll\x64\debug\voodoo_doll.pdb
c:\users\user\desktop\graduation_work\voodoodoll\voodoo_doll\x64\debug\voodoo_doll.res
c:\users\user\desktop\graduation_work\voodoodoll\voodoo_doll\x64\debug\voodoo_doll.tlog\cl.command.1.tlog
c:\users\user\desktop\graduation_work\voodoodoll\voodoo_doll\x64\debug\voodoo_doll.tlog\cl.read.1.tlog
c:\users\user\desktop\graduation_work\voodoodoll\voodoo_doll\x64\debug\voodoo_doll.tlog\cl.write.1.tlog
c:\users\user\desktop\graduation_work\voodoodoll\voodoo_doll\x64\debug\voodoo_doll.tlog\fxc.command.1.tlog
c:\users\user\desktop\graduation_work\voodoodoll\voodoo_doll\x64\debug\voodoo_doll.tlog\fxc.read.1.tlog
c:\users\user\desktop\graduation_work\voodoodoll\voodoo_doll\x64\debug\voodoo_doll.tlog\fxc.write.1.tlog
c:\users\user\desktop\graduation_work\voodoodoll\voodoo_doll\x64\debug\voodoo_doll.tlog\link.command.1.tlog
c:\users\user\desktop\graduation_work\voodoodoll\voodoo_doll\x64\debug\voodoo_doll.tlog\link.read.1.tlog
c:\users\user\desktop\graduation_work\voodoodoll\voodoo_doll\x64\debug\voodoo_doll.tlog\link.write.1.tlog
c:\users\user\desktop\graduation_work\voodoodoll\voodoo_doll\x64\debug\voodoo_doll.tlog\rc.command.1.tlog
c:\users\user\desktop\graduation_work\voodoodoll\voodoo_doll\x64\debug\voodoo_doll.tlog\rc.read.1.tlog
c:\users\user\desktop\graduation_work\voodoodoll\voodoo_doll\x64\debug\voodoo_doll.tlog\rc.write.1.tlog
